{"name": "test_breadcrumb_no_path[chromium-Women > Dress-https://www.automationexercise.com/category_products/2]", "status": "failed", "statusDetails": {"message": "AssertionError: Locator expected to have text 'Women > Dress'\nActual value: Women > Tops \nCall log:\n  - Expect \"to_have_text\" with timeout 5000ms\n  - waiting for locator(\"xpath=/html/body/section/div/div[1]/ol/li[2]\")\n    9 × locator resolved to <li class=\"active\">Women > Tops</li>\n      - unexpected value \"Women > Tops\"", "trace": "products_page = <pages.products_page.products_page.ProductsPage object at 0x000001D9C0A64410>\nurl = 'https://www.automationexercise.com/category_products/2'\npath_text = 'Women > Dress'\n\n    @pytest.mark.breadcrumb\n    @pytest.mark.parametrize(\"url\", [urljoin(settings.app_url, \"category_products/1\"),\n                                     urljoin(settings.app_url, \"category_products/2\"),\n                                     urljoin(settings.app_url, \"category_products/7\"),\n                                     urljoin(settings.app_url, \"category_products/3\"),\n                                     urljoin(settings.app_url, \"category_products/6\"),\n                                     urljoin(settings.app_url, \"category_products/4\"),\n                                     urljoin(settings.app_url, \"category_products/5\"),\n                                     urljoin(settings.app_url, \"brand_products/Polo\"),\n                                     urljoin(settings.app_url, \"brand_products/H&M\"),\n                                     urljoin(settings.app_url, \"brand_products/Madame\"),\n                                     urljoin(settings.app_url, \"brand_products/Mast%20&%20Harbour\"),\n                                     urljoin(settings.app_url, \"brand_products/Babyhug\"),\n                                     urljoin(settings.app_url, \"brand_products/Allen%20Solly%20Junior\"),\n                                     urljoin(settings.app_url, \"brand_products/Kookie%20Kids\"),\n                                     urljoin(settings.app_url, \"brand_products/Biba\")])\n    @pytest.mark.parametrize(\"path_text\", [\"Women > Dress\", \"Women > Tops\", \"Women > Saree\", \"Men > Tshirts\", \"Men > Jeans\", \"Kids > Dress\",\n                     \"Kids > Tops & Shirts\", \"Polo\", \"H&M\", \"Madame\", \"Mast & Harbour\", \"Babyhug\", \"Allen Solly Junior\",\n                     \"Kookie Kids\", \"Biba\"])\n    def test_breadcrumb_no_path(products_page: ProductsPage, url, path_text):\n        products_page.visit(url)\n>       products_page.breadcrumb.check_breadcrumb_products(path_text)\n\ntests\\test_breadcrumb\\test_breadcrumb.py:31: \n_ _ _ _ _ _ _ _ _ _ _ _ _ _ _ _ _ _ _ _ _ _ _ _ _ _ _ _ _ _ _ _ _ _ _ _ _ _ _ _\ncomponents\\breadcrumb\\breadcrumb.py:18: in check_breadcrumb_products\n    self.breadcrumb_path.to_have_text(path_text)\n_ _ _ _ _ _ _ _ _ _ _ _ _ _ _ _ _ _ _ _ _ _ _ _ _ _ _ _ _ _ _ _ _ _ _ _ _ _ _ _\n\nself = <components.elements.text.Text object at 0x000001D9C0A74E30>\ntext = 'Women > Dress'\n\n    def to_have_text(self, text:str):\n        locator=self.get_locator()\n>       expect(locator).to_have_text(text)\nE       AssertionError: Locator expected to have text 'Women > Dress'\nE       Actual value: Women > Tops \nE       Call log:\nE         - Expect \"to_have_text\" with timeout 5000ms\nE         - waiting for locator(\"xpath=/html/body/section/div/div[1]/ol/li[2]\")\nE           9 × locator resolved to <li class=\"active\">Women > Tops</li>\nE             - unexpected value \"Women > Tops\"\n\ncomponents\\elements\\base_element.py:17: AssertionError"}, "parameters": [{"name": "browser_page", "value": "'chromium'"}, {"name": "path_text", "value": "'Women > Dress'"}, {"name": "url", "value": "'https://www.automationexercise.com/category_products/2'"}], "start": 1754929863820, "stop": 1754929870072, "uuid": "73da6ff4-03c3-4c2d-bddb-dbdfbdfe1251", "historyId": "afbf61936c0e0ea277a5823fc9e11906", "testCaseId": "c9a7cbbf7adc134119bee69cc149516d", "fullName": "tests.test_breadcrumb.test_breadcrumb#test_breadcrumb_no_path", "labels": [{"name": "tag", "value": "breadcrumb"}, {"name": "parentSuite", "value": "tests.test_breadcrumb"}, {"name": "suite", "value": "test_breadcrumb"}, {"name": "host", "value": "DESKTOP-413R136"}, {"name": "thread", "value": "11156-MainThread"}, {"name": "framework", "value": "pytest"}, {"name": "language", "value": "cpython3"}, {"name": "package", "value": "tests.test_breadcrumb.test_breadcrumb"}], "titlePath": ["tests", "test_breadcrumb", "test_breadcrumb.py"]}