{"name": "Checking navbar panel on signup page", "status": "failed", "statusDetails": {"message": "AssertionError: Locator expected to be visible\nActual value: <element(s) not found> \nCall log:\n  - Expect \"to_be_visible\" with timeout 5000ms\n  - waiting for locator(\"//*[@id=\\\"name\\\"]//input[@data-qa=\\\"name\\\"]\")", "trace": "self = <tests.test_navbar.test_navbar.TestNavbar.TestNavbarRegression object at 0x00000258C4A3B4D0>\nlogin_page = <pages.login_page.login_page.LoginPage object at 0x00000258C5174A50>\n\n    @allure.title(\"Checking navbar panel on signup page\")\n    @pytest.mark.signup\n    def test_navbar_signup_path(self, login_page: LoginPage):\n        login_page.visit(urljoin(settings.app_url, \"login\"))\n        login_page.signup.check_signup()\n        login_page.navbar.check_navbar_no_login()\n>       login_page.signup.check_account_information()\n\ntests\\test_navbar\\test_navbar.py:49: \n_ _ _ _ _ _ _ _ _ _ _ _ _ _ _ _ _ _ _ _ _ _ _ _ _ _ _ _ _ _ _ _ _ _ _ _ _ _ _ _\ncomponents\\authentication\\signup.py:126: in check_account_information\n    self.edit_name.to_be_visible()\n_ _ _ _ _ _ _ _ _ _ _ _ _ _ _ _ _ _ _ _ _ _ _ _ _ _ _ _ _ _ _ _ _ _ _ _ _ _ _ _\n\nself = <components.elements.input.Input object at 0x00000258C4D4BB10>\n\n    def to_be_visible(self):\n        locator=self.get_locator()\n>       expect(locator).to_be_visible()\nE       AssertionError: Locator expected to be visible\nE       Actual value: <element(s) not found> \nE       Call log:\nE         - Expect \"to_be_visible\" with timeout 5000ms\nE         - waiting for locator(\"//*[@id=\\\"name\\\"]//input[@data-qa=\\\"name\\\"]\")\n\ncomponents\\elements\\base_element.py:14: AssertionError"}, "parameters": [{"name": "browser_page", "value": "'firefox'"}], "start": 1755006417689, "stop": 1755006428228, "uuid": "a54422da-54d4-4919-8c84-a30a538dab33", "historyId": "c43f4e33c8b29d1c141ac6bba5e998c6", "testCaseId": "75c2b577c07a1da40ecea6902ad3b66e", "fullName": "tests.test_navbar.test_navbar.TestNavbar.TestNavbarRegression#test_navbar_signup_path", "labels": [{"name": "tag", "value": "signup"}, {"name": "tag", "value": "regression"}, {"name": "tag", "value": "navbar"}, {"name": "parentSuite", "value": "tests.test_navbar"}, {"name": "suite", "value": "test_navbar"}, {"name": "subSuite", "value": "TestNavbar > TestNavbarRegression"}, {"name": "host", "value": "DESKTOP-413R136"}, {"name": "thread", "value": "17532-MainThread"}, {"name": "framework", "value": "pytest"}, {"name": "language", "value": "cpython3"}, {"name": "package", "value": "tests.test_navbar.test_navbar"}], "titlePath": ["tests", "test_navbar", "test_navbar.py", "TestNavbar", "TestNavbarRegression"]}