{"name": "Checking navbar on cart", "status": "failed", "statusDetails": {"message": "AssertionError: Locator expected to have text '1'\nActual value: 2 \nCall log:\n  - Expect \"to_have_text\" with timeout 5000ms\n  - waiting for locator(\"//*[@id=\\\"product-1\\\"]/td[4]/button\")\n    8 × locator resolved to <button class=\"disabled\">2</button>\n      - unexpected value \"2\"", "trace": "self = <tests.test_navbar.test_navbar.TestNavbar.TestNavbarRegression object at 0x000002A6A9EBEB10>\ncart_page = <pages.cart_page.cart_page.CartPage object at 0x000002A6AA040EC0>\n\n    @allure.title(\"Checking navbar on cart\")\n    @pytest.mark.regression\n    @pytest.mark.cart\n    def test_navbar_cart_path(self, cart_page: CartPage):\n        cart_page.visit(urljoin(settings.app_url, \"login\"))\n        cart_page.navbar.check_navbar_no_login()\n        cart_page.login.check_login()\n        cart_page.navbar.check_navbar_with_login()\n        cart_page.items.check_item()\n        cart_page.items.added_item()\n        cart_page.navbar.check_navbar_with_login()\n>       cart_page.items.cart_item()\n\ntests\\test_navbar\\test_navbar.py:67: \n_ _ _ _ _ _ _ _ _ _ _ _ _ _ _ _ _ _ _ _ _ _ _ _ _ _ _ _ _ _ _ _ _ _ _ _ _ _ _ _\ncomponents\\items\\items.py:170: in cart_item\n    self.item_quantity_button.to_have_text(\"1\")\n_ _ _ _ _ _ _ _ _ _ _ _ _ _ _ _ _ _ _ _ _ _ _ _ _ _ _ _ _ _ _ _ _ _ _ _ _ _ _ _\n\nself = <components.elements.button.Button object at 0x000002A6AA050FC0>\ntext = '1'\n\n    def to_have_text(self, text:str):\n        locator=self.get_locator()\n>       expect(locator).to_have_text(text)\nE       AssertionError: Locator expected to have text '1'\nE       Actual value: 2 \nE       Call log:\nE         - Expect \"to_have_text\" with timeout 5000ms\nE         - waiting for locator(\"//*[@id=\\\"product-1\\\"]/td[4]/button\")\nE           8 × locator resolved to <button class=\"disabled\">2</button>\nE             - unexpected value \"2\"\n\ncomponents\\elements\\base_element.py:17: AssertionError"}, "parameters": [{"name": "browser_page", "value": "'firefox'"}], "start": 1754847437989, "stop": 1754847455536, "uuid": "4213a04c-722d-4dc3-bb86-4dec92eaf381", "historyId": "8e5f7d49d74807edb8d0f70afc37add6", "testCaseId": "7cf6ac6fba172b3ae884342a54069942", "fullName": "tests.test_navbar.test_navbar.TestNavbar.TestNavbarRegression#test_navbar_cart_path", "labels": [{"name": "tag", "value": "cart"}, {"name": "tag", "value": "regression"}, {"name": "tag", "value": "regression"}, {"name": "tag", "value": "navbar"}, {"name": "parentSuite", "value": "tests.test_navbar"}, {"name": "suite", "value": "test_navbar"}, {"name": "subSuite", "value": "TestNavbar > TestNavbarRegression"}, {"name": "host", "value": "DESKTOP-413R136"}, {"name": "thread", "value": "24324-MainThread"}, {"name": "framework", "value": "pytest"}, {"name": "language", "value": "cpython3"}, {"name": "package", "value": "tests.test_navbar.test_navbar"}], "titlePath": ["tests", "test_navbar", "test_navbar.py", "TestNavbar", "TestNavbarRegression"]}