{"name": "Checking category on static pages", "status": "failed", "statusDetails": {"message": "AssertionError: Locator expected to have class 'fa fa-plus'\nActual value: collapsed \nCall log:\n  - Expect \"to_have_class\" with timeout 5000ms\n  - waiting for locator(\"//*[@id=\\\"accordian\\\"]/div[2]/div[1]/h4/a\")\n    9 × locator resolved to <a href=\"#Men\" class=\"collapsed\" data-toggle=\"collapse\" data-parent=\"#accordian\">…</a>\n      - unexpected value \"collapsed\"", "trace": "start_page = <pages.start_page.start_page.StartPage object at 0x000001DD2094DBA0>\nurl = 'https://www.automationexercise.com/'\n\n    @pytest.mark.category\n    @pytest.mark.smoke\n    @pytest.mark.no_path\n    @allure.title(\"Checking category on static pages\")\n    @pytest.mark.parametrize(\"url\", [settings.app_url, urljoin(settings.app_url, \"products\"), urljoin(settings.app_url, \"product_details/1\")])\n    def test_category_no_path(start_page:StartPage, url):\n        start_page.visit(url)\n        start_page.category.check_category_title()\n        start_page.category.check_category_women()\n>       start_page.category.check_category_men()\n\ntests\\test_category\\test_category.py:17: \n_ _ _ _ _ _ _ _ _ _ _ _ _ _ _ _ _ _ _ _ _ _ _ _ _ _ _ _ _ _ _ _ _ _ _ _ _ _ _ _\ncomponents\\category\\category.py:55: in check_category_men\n    self.men_category_button.to_have_class(\"fa fa-plus\")\n_ _ _ _ _ _ _ _ _ _ _ _ _ _ _ _ _ _ _ _ _ _ _ _ _ _ _ _ _ _ _ _ _ _ _ _ _ _ _ _\n\nself = <components.elements.button.Button object at 0x000001DD20937470>\nclass_name = 'fa fa-plus'\n\n    def to_have_class(self, class_name:str):\n        locator=self.get_locator()\n>       expect(locator).to_have_class(class_name)\nE       AssertionError: Locator expected to have class 'fa fa-plus'\nE       Actual value: collapsed \nE       Call log:\nE         - Expect \"to_have_class\" with timeout 5000ms\nE         - waiting for locator(\"//*[@id=\\\"accordian\\\"]/div[2]/div[1]/h4/a\")\nE           9 × locator resolved to <a href=\"#Men\" class=\"collapsed\" data-toggle=\"collapse\" data-parent=\"#accordian\">…</a>\nE             - unexpected value \"collapsed\"\n\ncomponents\\elements\\base_element.py:26: AssertionError"}, "parameters": [{"name": "browser_page", "value": "'firefox'"}, {"name": "url", "value": "'https://www.automationexercise.com/'"}], "start": 1754894710442, "stop": 1754894717572, "uuid": "6281bc1c-d8ea-458b-b091-65550957678b", "historyId": "647c056cee8c0a59b90a0db3f0a8f951", "testCaseId": "fe795569187080d96f694dd38feeac90", "fullName": "tests.test_category.test_category#test_category_no_path", "labels": [{"name": "tag", "value": "no_path"}, {"name": "tag", "value": "smoke"}, {"name": "tag", "value": "category"}, {"name": "parentSuite", "value": "tests.test_category"}, {"name": "suite", "value": "test_category"}, {"name": "host", "value": "DESKTOP-413R136"}, {"name": "thread", "value": "1912-MainThread"}, {"name": "framework", "value": "pytest"}, {"name": "language", "value": "cpython3"}, {"name": "package", "value": "tests.test_category.test_category"}], "titlePath": ["tests", "test_category", "test_category.py"]}