{"name": "Checking navbar on static pages", "status": "failed", "statusDetails": {"message": "AssertionError: Locator expected to be visible\nActual value: <element(s) not found> \nCall log:\n  - Expect \"to_be_visible\" with timeout 5000ms\n  - waiting for locator(\"//*[@id=\\\"header\\\"]/div/div/div/div[2]/div/ul/li[5]/a/i\")", "trace": "self = <tests.test_navbar.test_navbar.TestNavbar object at 0x00000160AD632350>\nstart_page = <pages.start_page.start_page.StartPage object at 0x00000160AD7BFE00>\nurl = 'https://www.automationexercise.com/'\n\n    @allure.title(\"Checking navbar on static pages\")\n    @pytest.mark.smoke\n    @pytest.mark.no_path\n    @pytest.mark.parametrize(\"url\", [settings.app_url,\n                                     urljoin(settings.app_url, \"category_products/1\"),\n                                     urljoin(settings.app_url, \"category_products/2\"),\n                                     urljoin(settings.app_url, \"category_products/7\"),\n                                     urljoin(settings.app_url, \"category_products/3\"),\n                                     urljoin(settings.app_url, \"category_products/6\"),\n                                     urljoin(settings.app_url, \"category_products/4\"),\n                                     urljoin(settings.app_url, \"category_products/5\"),\n                                     urljoin(settings.app_url, \"brand_products/Polo\"),\n                                     urljoin(settings.app_url, \"brand_products/H&M\"),\n                                     urljoin(settings.app_url, \"brand_products/Madame\"),\n                                     urljoin(settings.app_url, \"brand_products/Mast%20&%20Harbour\"),\n                                     urljoin(settings.app_url, \"brand_products/Babyhug\"),\n                                     urljoin(settings.app_url, \"brand_products/Allen%20Solly%20Junior\"),\n                                     urljoin(settings.app_url, \"brand_products/Kookie%20Kids\"),\n                                     urljoin(settings.app_url, \"brand_products/Biba\"),\n                                     urljoin(settings.app_url, \"product_details/1\")])\n    def test_navbar_no_login(self, start_page: StartPage, url):\n        start_page.visit(url)\n>       start_page.navbar.check_navbar_no_login()\n\ntests\\test_navbar\\test_navbar.py:34: \n_ _ _ _ _ _ _ _ _ _ _ _ _ _ _ _ _ _ _ _ _ _ _ _ _ _ _ _ _ _ _ _ _ _ _ _ _ _ _ _\ncomponents\\navbar\\navbar.py:109: in check_navbar_no_login\n    self.test_cases_icon.to_be_visible()\n_ _ _ _ _ _ _ _ _ _ _ _ _ _ _ _ _ _ _ _ _ _ _ _ _ _ _ _ _ _ _ _ _ _ _ _ _ _ _ _\n\nself = <components.elements.icon.Icon object at 0x00000160AD6B1450>\n\n    def to_be_visible(self):\n        locator=self.get_locator()\n>       expect(locator).to_be_visible()\nE       AssertionError: Locator expected to be visible\nE       Actual value: <element(s) not found> \nE       Call log:\nE         - Expect \"to_be_visible\" with timeout 5000ms\nE         - waiting for locator(\"//*[@id=\\\"header\\\"]/div/div/div/div[2]/div/ul/li[5]/a/i\")\n\ncomponents\\elements\\base_element.py:14: AssertionError"}, "parameters": [{"name": "browser_page", "value": "'chromium'"}, {"name": "url", "value": "'https://www.automationexercise.com/'"}], "start": 1754823858632, "stop": 1754823867697, "uuid": "9d3ee58c-735a-4245-a75e-334186fb0028", "historyId": "ba49af05b2b99a2996c28335d4c91904", "testCaseId": "db086602e21da6a7905455ac0483f7da", "fullName": "tests.test_navbar.test_navbar.TestNavbar#test_navbar_no_login", "labels": [{"name": "tag", "value": "no_path"}, {"name": "tag", "value": "smoke"}, {"name": "tag", "value": "navbar"}, {"name": "parentSuite", "value": "tests.test_navbar"}, {"name": "suite", "value": "test_navbar"}, {"name": "subSuite", "value": "TestNavbar"}, {"name": "host", "value": "DESKTOP-413R136"}, {"name": "thread", "value": "9360-MainThread"}, {"name": "framework", "value": "pytest"}, {"name": "language", "value": "cpython3"}, {"name": "package", "value": "tests.test_navbar.test_navbar"}], "titlePath": ["tests", "test_navbar", "test_navbar.py", "TestNavbar"]}