{"name": "Checking navbar on cart", "status": "failed", "statusDetails": {"message": "AssertionError: Locator expected to have text '1'\nActual value: 2 \nCall log:\n  - Expect \"to_have_text\" with timeout 5000ms\n  - waiting for locator(\"//*[@id=\\\"product-1\\\"]/td[4]/button\")\n    9 × locator resolved to <button class=\"disabled\">2</button>\n      - unexpected value \"2\"", "trace": "self = <tests.test_navbar.test_navbar.TestNavbar.TestNavbarRegression object at 0x0000021AB7B76520>\ncart_page = <pages.cart_page.cart_page.CartPage object at 0x0000021AB7FE02F0>\n\n    @allure.title(\"Checking navbar on cart\")\n    @pytest.mark.regression\n    @pytest.mark.cart\n    def test_navbar_cart_path(self, cart_page: CartPage):\n        cart_page.visit(urljoin(settings.app_url, \"login\"))\n        cart_page.navbar.check_navbar_no_login()\n        cart_page.login.check_login()\n        cart_page.navbar.check_navbar_with_login()\n        cart_page.items.check_item()\n        cart_page.items.added_item()\n        cart_page.navbar.check_navbar_with_login()\n        cart_page.items.cart_item()\n        cart_page.items.cart_item_continue()\n        cart_page.navbar.check_navbar_with_login()\n>       cart_page.items.check_checkout()\n\ntests\\test_navbar\\test_navbar.py:70: \n_ _ _ _ _ _ _ _ _ _ _ _ _ _ _ _ _ _ _ _ _ _ _ _ _ _ _ _ _ _ _ _ _ _ _ _ _ _ _ _\ncomponents\\items\\items.py:193: in check_checkout\n    self.cart_item()\ncomponents\\items\\items.py:170: in cart_item\n    self.item_quantity_button.to_have_text(\"1\")\n_ _ _ _ _ _ _ _ _ _ _ _ _ _ _ _ _ _ _ _ _ _ _ _ _ _ _ _ _ _ _ _ _ _ _ _ _ _ _ _\n\nself = <components.elements.button.Button object at 0x0000021AB7CF8FC0>\ntext = '1'\n\n    def to_have_text(self, text:str):\n        locator=self.get_locator()\n>       expect(locator).to_have_text(text)\nE       AssertionError: Locator expected to have text '1'\nE       Actual value: 2 \nE       Call log:\nE         - Expect \"to_have_text\" with timeout 5000ms\nE         - waiting for locator(\"//*[@id=\\\"product-1\\\"]/td[4]/button\")\nE           9 × locator resolved to <button class=\"disabled\">2</button>\nE             - unexpected value \"2\"\n\ncomponents\\elements\\base_element.py:17: AssertionError"}, "parameters": [{"name": "browser_page", "value": "'chromium'"}], "start": 1754826242837, "stop": 1754826255899, "uuid": "86086c47-5553-4c7a-8907-aa182ab20218", "historyId": "096d2371da2bc03fcd8642d6d3ae45aa", "testCaseId": "7cf6ac6fba172b3ae884342a54069942", "fullName": "tests.test_navbar.test_navbar.TestNavbar.TestNavbarRegression#test_navbar_cart_path", "labels": [{"name": "tag", "value": "cart"}, {"name": "tag", "value": "regression"}, {"name": "tag", "value": "regression"}, {"name": "tag", "value": "navbar"}, {"name": "parentSuite", "value": "tests.test_navbar"}, {"name": "suite", "value": "test_navbar"}, {"name": "subSuite", "value": "TestNavbar > TestNavbarRegression"}, {"name": "host", "value": "DESKTOP-413R136"}, {"name": "thread", "value": "19804-MainThread"}, {"name": "framework", "value": "pytest"}, {"name": "language", "value": "cpython3"}, {"name": "package", "value": "tests.test_navbar.test_navbar"}], "titlePath": ["tests", "test_navbar", "test_navbar.py", "TestNavbar", "TestNavbarRegression"]}