{"name": "Checking scroll up on cart", "status": "failed", "statusDetails": {"message": "AssertionError: Locator expected to be visible\nActual value: hidden \nCall log:\n  - Expect \"to_be_visible\" with timeout 5000ms\n  - waiting for locator(\"//*[@id=\\\"scrollUp\\\"]\")\n    9 × locator resolved to <a href=\"#top\" id=\"scrollUp\">…</a>\n      - unexpected value \"hidden\"", "trace": "self = <tests.test_scroll_up.test_scroll_up.TestScrollUp.TestScrollUpRegression object at 0x000001B447FCEFD0>\ncart_page = <pages.cart_page.cart_page.CartPage object at 0x000001B44844DE80>\n\n    @allure.title(\"Checking scroll up on cart\")\n    @pytest.mark.regression\n    @pytest.mark.cart\n    def test_lower_panel_cart_path(self, cart_page: CartPage):\n        cart_page.visit(urljoin(settings.app_url, \"login\"))\n        cart_page.login.check_login()\n        cart_page.items.check_item()\n        cart_page.items.added_item()\n        cart_page.items.cart_item()\n        cart_page.items.cart_item_continue()\n>       cart_page.scroll_up.check_scroll_up()\n\ntests\\test_scroll_up\\test_scroll_up.py:59: \n_ _ _ _ _ _ _ _ _ _ _ _ _ _ _ _ _ _ _ _ _ _ _ _ _ _ _ _ _ _ _ _ _ _ _ _ _ _ _ _\ncomponents\\scroll_up\\scroll_up.py:15: in check_scroll_up\n    self.scroll_link.to_be_visible()\n_ _ _ _ _ _ _ _ _ _ _ _ _ _ _ _ _ _ _ _ _ _ _ _ _ _ _ _ _ _ _ _ _ _ _ _ _ _ _ _\n\nself = <components.elements.link.Link object at 0x000001B4485CE6D0>\n\n    def to_be_visible(self):\n        locator=self.get_locator()\n>       expect(locator).to_be_visible()\nE       AssertionError: Locator expected to be visible\nE       Actual value: hidden \nE       Call log:\nE         - Expect \"to_be_visible\" with timeout 5000ms\nE         - waiting for locator(\"//*[@id=\\\"scrollUp\\\"]\")\nE           9 × locator resolved to <a href=\"#top\" id=\"scrollUp\">…</a>\nE             - unexpected value \"hidden\"\n\ncomponents\\elements\\base_element.py:14: AssertionError"}, "parameters": [{"name": "browser_page", "value": "'chromium'"}], "start": 1754847441461, "stop": 1754847451250, "uuid": "b3c869f2-2af3-4a4d-bf8c-38e4fa3d7ab5", "historyId": "117892ff810ef43869ea99ae93cb0760", "testCaseId": "45b58abbac90b7f174eaa21aed775042", "fullName": "tests.test_scroll_up.test_scroll_up.TestScrollUp.TestScrollUpRegression#test_lower_panel_cart_path", "labels": [{"name": "tag", "value": "cart"}, {"name": "tag", "value": "regression"}, {"name": "tag", "value": "regression"}, {"name": "tag", "value": "scrollup"}, {"name": "parentSuite", "value": "tests.test_scroll_up"}, {"name": "suite", "value": "test_scroll_up"}, {"name": "subSuite", "value": "TestScrollUp > TestScrollUpRegression"}, {"name": "host", "value": "DESKTOP-413R136"}, {"name": "thread", "value": "24708-MainThread"}, {"name": "framework", "value": "pytest"}, {"name": "language", "value": "cpython3"}, {"name": "package", "value": "tests.test_scroll_up.test_scroll_up"}], "titlePath": ["tests", "test_scroll_up", "test_scroll_up.py", "TestScrollUp", "TestScrollUpRegression"]}