{"name": "Checking navbar on static pages", "status": "failed", "statusDetails": {"message": "AssertionError: Locator expected to be visible\nActual value: <element(s) not found> \nCall log:\n  - Expect \"to_be_visible\" with timeout 5000ms\n  - waiting for locator(\"//a[@href=\\\"test_cases\\\"]//i[@class=\\\"fa fa-list\\\"]\")", "trace": "self = <tests.test_navbar.test_navbar.TestNavbar object at 0x0000024590BA6690>\nstart_page = <pages.start_page.start_page.StartPage object at 0x000002459104A2C0>\nurl = 'https://www.automationexercise.com/test_cases'\n\n    @allure.title(\"Checking navbar on static pages\")\n    @pytest.mark.smoke\n    @pytest.mark.no_path\n    @pytest.mark.parametrize(\"url\", [settings.app_url, urljoin(settings.app_url, \"products\"),\n                                     urljoin(settings.app_url, \"view_cart\"), urljoin(settings.app_url, \"login\"),\n                                     urljoin(settings.app_url, \"test_cases\"), urljoin(settings.app_url, \"api_list\"),\n                                     urljoin(settings.app_url, \"contact_us\"),\n                                     urljoin(settings.app_url, \"category_products/1\"),\n                                     urljoin(settings.app_url, \"category_products/2\"),\n                                     urljoin(settings.app_url, \"category_products/7\"),\n                                     urljoin(settings.app_url, \"category_products/3\"),\n                                     urljoin(settings.app_url, \"category_products/6\"),\n                                     urljoin(settings.app_url, \"category_products/4\"),\n                                     urljoin(settings.app_url, \"category_products/5\"),\n                                     urljoin(settings.app_url, \"brand_products/Polo\"),\n                                     urljoin(settings.app_url, \"brand_products/H&M\"),\n                                     urljoin(settings.app_url, \"brand_products/Madame\"),\n                                     urljoin(settings.app_url, \"brand_products/Mast%20&%20Harbour\"),\n                                     urljoin(settings.app_url, \"brand_products/Babyhug\"),\n                                     urljoin(settings.app_url, \"brand_products/Allen%20Solly%20Junior\"),\n                                     urljoin(settings.app_url, \"brand_products/Kookie%20Kids\"),\n                                     urljoin(settings.app_url, \"brand_products/Biba\"),\n                                     urljoin(settings.app_url, \"product_details/1\")])\n    def test_navbar_no_login(self, start_page: StartPage, url):\n        start_page.visit(url)\n>       start_page.navbar.check_navbar_no_login()\n\ntests\\test_navbar\\test_navbar.py:39: \n_ _ _ _ _ _ _ _ _ _ _ _ _ _ _ _ _ _ _ _ _ _ _ _ _ _ _ _ _ _ _ _ _ _ _ _ _ _ _ _\ncomponents\\navbar\\navbar.py:107: in check_navbar_no_login\n    self.test_cases_icon.to_be_visible()\n_ _ _ _ _ _ _ _ _ _ _ _ _ _ _ _ _ _ _ _ _ _ _ _ _ _ _ _ _ _ _ _ _ _ _ _ _ _ _ _\n\nself = <components.elements.icon.Icon object at 0x00000245910FB170>\n\n    def to_be_visible(self):\n        locator=self.get_locator()\n>       expect(locator).to_be_visible()\nE       AssertionError: Locator expected to be visible\nE       Actual value: <element(s) not found> \nE       Call log:\nE         - Expect \"to_be_visible\" with timeout 5000ms\nE         - waiting for locator(\"//a[@href=\\\"test_cases\\\"]//i[@class=\\\"fa fa-list\\\"]\")\n\ncomponents\\elements\\base_element.py:14: AssertionError"}, "parameters": [{"name": "browser_page", "value": "'chromium'"}, {"name": "url", "value": "'https://www.automationexercise.com/test_cases'"}], "start": 1755018660599, "stop": 1755018667222, "uuid": "cbf3d585-60a4-4941-b194-a1022b80414a", "historyId": "4b6b0fe96e54d452cd30095f7b61dd65", "testCaseId": "db086602e21da6a7905455ac0483f7da", "fullName": "tests.test_navbar.test_navbar.TestNavbar#test_navbar_no_login", "labels": [{"name": "tag", "value": "no_path"}, {"name": "tag", "value": "smoke"}, {"name": "tag", "value": "navbar"}, {"name": "parentSuite", "value": "tests.test_navbar"}, {"name": "suite", "value": "test_navbar"}, {"name": "subSuite", "value": "TestNavbar"}, {"name": "host", "value": "DESKTOP-413R136"}, {"name": "thread", "value": "6208-MainThread"}, {"name": "framework", "value": "pytest"}, {"name": "language", "value": "cpython3"}, {"name": "package", "value": "tests.test_navbar.test_navbar"}], "titlePath": ["tests", "test_navbar", "test_navbar.py", "TestNavbar"]}