{"name": "Checking carousel on static pages", "status": "failed", "statusDetails": {"message": "AssertionError: Locator expected to be visible\nActual value: <element(s) not found> \nCall log:\n  - Expect \"to_be_visible\" with timeout 5000ms\n  - waiting for locator(\"//h1[normalize-space()=\\\"Automation Exercise\\\"]\")", "trace": "start_page = <pages.start_page.start_page.StartPage object at 0x00000226272CF9D0>\n\n    @pytest.mark.carousel\n    @pytest.mark.smoke\n    @pytest.mark.no_path\n    @allure.title(\"Checking carousel on static pages\")\n    def test_carousel_no_path(start_page: StartPage):\n        start_page.visit(settings.app_url)\n>       start_page.carousel.check_carousel()\n\ntests\\test_carousel\\test_carousel.py:15: \n_ _ _ _ _ _ _ _ _ _ _ _ _ _ _ _ _ _ _ _ _ _ _ _ _ _ _ _ _ _ _ _ _ _ _ _ _ _ _ _\ncomponents\\carousel\\carousel.py:30: in check_carousel\n    self.automation_text.to_be_visible()\n_ _ _ _ _ _ _ _ _ _ _ _ _ _ _ _ _ _ _ _ _ _ _ _ _ _ _ _ _ _ _ _ _ _ _ _ _ _ _ _\n\nself = <components.elements.text.Text object at 0x00000226273D84D0>\n\n    def to_be_visible(self):\n        locator=self.get_locator()\n>       expect(locator).to_be_visible()\nE       AssertionError: Locator expected to be visible\nE       Actual value: <element(s) not found> \nE       Call log:\nE         - Expect \"to_be_visible\" with timeout 5000ms\nE         - waiting for locator(\"//h1[normalize-space()=\\\"Automation Exercise\\\"]\")\n\ncomponents\\elements\\base_element.py:14: AssertionError"}, "parameters": [{"name": "browser_page", "value": "'firefox'"}], "start": 1755009893701, "stop": 1755009900508, "uuid": "aea91063-8053-4c14-ae15-fd624e263bf7", "historyId": "b23a56f990bc0831202d1ba567094538", "testCaseId": "a268ee484f4003dbecd3ea49b4217288", "fullName": "tests.test_carousel.test_carousel#test_carousel_no_path", "labels": [{"name": "tag", "value": "no_path"}, {"name": "tag", "value": "smoke"}, {"name": "tag", "value": "carousel"}, {"name": "parentSuite", "value": "tests.test_carousel"}, {"name": "suite", "value": "test_carousel"}, {"name": "host", "value": "DESKTOP-413R136"}, {"name": "thread", "value": "6292-MainThread"}, {"name": "framework", "value": "pytest"}, {"name": "language", "value": "cpython3"}, {"name": "package", "value": "tests.test_carousel.test_carousel"}], "titlePath": ["tests", "test_carousel", "test_carousel.py"]}