{"name": "Checking scroll up on signup page", "status": "failed", "statusDetails": {"message": "AssertionError: Locator expected to be visible\nActual value: hidden \nCall log:\n  - Expect \"to_be_visible\" with timeout 5000ms\n  - waiting for locator(\"//*[@id=\\\"scrollUp\\\"]\")\n    8 × locator resolved to <a href=\"#top\" id=\"scrollUp\">…</a>\n      - unexpected value \"hidden\"", "trace": "self = <tests.test_scroll_up.test_scroll_up.TestScrollUp.TestScrollUpRegression object at 0x0000021B7B082E90>\nlogin_page = <pages.login_page.login_page.LoginPage object at 0x0000021B7B220EC0>\n\n    @allure.title(\"Checking scroll up on signup page\")\n    @pytest.mark.signup\n    def test_scroll_up_signup_path(self, login_page:LoginPage):\n        login_page.visit(urljoin(settings.app_url, \"login\"))\n        login_page.signup.check_signup()\n>       login_page.scroll_up.check_scroll_up()\n\ntests\\test_scroll_up\\test_scroll_up.py:47: \n_ _ _ _ _ _ _ _ _ _ _ _ _ _ _ _ _ _ _ _ _ _ _ _ _ _ _ _ _ _ _ _ _ _ _ _ _ _ _ _\ncomponents\\scroll_up\\scroll_up.py:15: in check_scroll_up\n    self.scroll_link.to_be_visible()\n_ _ _ _ _ _ _ _ _ _ _ _ _ _ _ _ _ _ _ _ _ _ _ _ _ _ _ _ _ _ _ _ _ _ _ _ _ _ _ _\n\nself = <components.elements.link.Link object at 0x0000021B7B515A90>\n\n    def to_be_visible(self):\n        locator=self.get_locator()\n>       expect(locator).to_be_visible()\nE       AssertionError: Locator expected to be visible\nE       Actual value: hidden \nE       Call log:\nE         - Expect \"to_be_visible\" with timeout 5000ms\nE         - waiting for locator(\"//*[@id=\\\"scrollUp\\\"]\")\nE           8 × locator resolved to <a href=\"#top\" id=\"scrollUp\">…</a>\nE             - unexpected value \"hidden\"\n\ncomponents\\elements\\base_element.py:14: AssertionError"}, "parameters": [{"name": "browser_page", "value": "'firefox'"}], "start": 1754847385735, "stop": 1754847396657, "uuid": "f6276b80-7e4e-4fef-b48f-d9833f6f5c4c", "historyId": "1562d3aea9dcc3a3f0629f51d9141f8f", "testCaseId": "929592f4c04aae2fb4231c4e07514fab", "fullName": "tests.test_scroll_up.test_scroll_up.TestScrollUp.TestScrollUpRegression#test_scroll_up_signup_path", "labels": [{"name": "tag", "value": "signup"}, {"name": "tag", "value": "regression"}, {"name": "tag", "value": "scrollup"}, {"name": "parentSuite", "value": "tests.test_scroll_up"}, {"name": "suite", "value": "test_scroll_up"}, {"name": "subSuite", "value": "TestScrollUp > TestScrollUpRegression"}, {"name": "host", "value": "DESKTOP-413R136"}, {"name": "thread", "value": "416-MainThread"}, {"name": "framework", "value": "pytest"}, {"name": "language", "value": "cpython3"}, {"name": "package", "value": "tests.test_scroll_up.test_scroll_up"}], "titlePath": ["tests", "test_scroll_up", "test_scroll_up.py", "TestScrollUp", "TestScrollUpRegression"]}