{"name": "Checking navbar on cart", "status": "failed", "statusDetails": {"message": "AssertionError: Locator expected to be visible\nActual value: <element(s) not found> \nCall log:\n  - Expect \"to_be_visible\" with timeout 5000ms\n  - waiting for locator(\"//label[normalize-space()=\\\"Name of Card\\\"]\")", "trace": "self = <tests.test_navbar.test_navbar.TestNavbar.TestNavbarRegression object at 0x000001D3895983E0>\ncart_page = <pages.cart_page.cart_page.CartPage object at 0x000001D389BA0190>\n\n    @allure.title(\"Checking navbar on cart\")\n    @pytest.mark.cart\n    def test_navbar_cart_path(self, cart_page: CartPage):\n        cart_page.visit(urljoin(settings.app_url, \"login\"))\n        cart_page.navbar.check_navbar_no_login()\n        cart_page.login.check_login()\n        cart_page.navbar.check_navbar_with_login()\n        cart_page.items.check_item()\n        cart_page.items.added_item()\n        cart_page.navbar.check_navbar_with_login()\n        cart_page.items.cart_item()\n        cart_page.items.cart_item_continue()\n        cart_page.navbar.check_navbar_with_login()\n        cart_page.items.check_checkout()\n        cart_page.navbar.check_navbar_with_login()\n>       cart_page.items.check_payment()\n\ntests\\test_navbar\\test_navbar.py:71: \n_ _ _ _ _ _ _ _ _ _ _ _ _ _ _ _ _ _ _ _ _ _ _ _ _ _ _ _ _ _ _ _ _ _ _ _ _ _ _ _\ncomponents\\items\\items.py:218: in check_payment\n    self.name_of_card_title.to_be_visible()\n_ _ _ _ _ _ _ _ _ _ _ _ _ _ _ _ _ _ _ _ _ _ _ _ _ _ _ _ _ _ _ _ _ _ _ _ _ _ _ _\n\nself = <components.elements.text.Text object at 0x000001D389C49F10>\n\n    def to_be_visible(self):\n        locator=self.get_locator()\n>       expect(locator).to_be_visible()\nE       AssertionError: Locator expected to be visible\nE       Actual value: <element(s) not found> \nE       Call log:\nE         - Expect \"to_be_visible\" with timeout 5000ms\nE         - waiting for locator(\"//label[normalize-space()=\\\"Name of Card\\\"]\")\n\ncomponents\\elements\\base_element.py:14: AssertionError"}, "parameters": [{"name": "browser_page", "value": "'firefox'"}], "start": 1755017736347, "stop": 1755017752370, "uuid": "b11f8e6f-ffbf-4855-8f95-33977a59e77c", "historyId": "8e5f7d49d74807edb8d0f70afc37add6", "testCaseId": "7cf6ac6fba172b3ae884342a54069942", "fullName": "tests.test_navbar.test_navbar.TestNavbar.TestNavbarRegression#test_navbar_cart_path", "labels": [{"name": "tag", "value": "cart"}, {"name": "tag", "value": "regression"}, {"name": "tag", "value": "navbar"}, {"name": "parentSuite", "value": "tests.test_navbar"}, {"name": "suite", "value": "test_navbar"}, {"name": "subSuite", "value": "TestNavbar > TestNavbarRegression"}, {"name": "host", "value": "DESKTOP-413R136"}, {"name": "thread", "value": "9844-MainThread"}, {"name": "framework", "value": "pytest"}, {"name": "language", "value": "cpython3"}, {"name": "package", "value": "tests.test_navbar.test_navbar"}], "titlePath": ["tests", "test_navbar", "test_navbar.py", "TestNavbar", "TestNavbarRegression"]}