{"name": "Checking search products on static page", "status": "failed", "statusDetails": {"message": "AssertionError: Page URL expected to be 're.compile('.*/products?search=Blue%20Top')'\nActual value: https://www.automationexercise.com/products?search=Blue%20Top \nCall log:\n  - Expect \"to_have_url\" with timeout 5000ms\n    8 × unexpected value \"https://www.automationexercise.com/products?search=Blue%20Top\"", "trace": "products_page = <pages.products_page.products_page.ProductsPage object at 0x00000263C745F390>\n\n    @pytest.mark.search_product\n    @pytest.mark.smoke\n    @pytest.mark.no_path\n    @allure.title(\"Checking search products on static page\")\n    def test_search_products_no_path(products_page:ProductsPage):\n        products_page.visit(urljoin(settings.app_url, \"products\"))\n        products_page.search_product.check_container()\n        products_page.items.check_item()\n>       products_page.search_product.check_search_product()\n\ntests\\test_search_products\\test_search_products.py:18: \n_ _ _ _ _ _ _ _ _ _ _ _ _ _ _ _ _ _ _ _ _ _ _ _ _ _ _ _ _ _ _ _ _ _ _ _ _ _ _ _\ncomponents\\search_product\\search_product.py:39: in check_search_product\n    self.check_url(\"products?search=Blue%20Top\")\ncomponents\\search_product\\search_product.py:41: in check_url\n    self.check_current_url(re.compile(rf'.*/{text}'))\n_ _ _ _ _ _ _ _ _ _ _ _ _ _ _ _ _ _ _ _ _ _ _ _ _ _ _ _ _ _ _ _ _ _ _ _ _ _ _ _\n\nself = <components.search_product.search_product.SearchProduct object at 0x00000263C745F4D0>\nexpected_url = re.compile('.*/products?search=Blue%20Top')\n\n    def check_current_url(self, expected_url:Pattern[str]):\n>       expect(self.page).to_have_url(expected_url)\nE       AssertionError: Page URL expected to be 're.compile('.*/products?search=Blue%20Top')'\nE       Actual value: https://www.automationexercise.com/products?search=Blue%20Top \nE       Call log:\nE         - Expect \"to_have_url\" with timeout 5000ms\nE           8 × unexpected value \"https://www.automationexercise.com/products?search=Blue%20Top\"\n\ncomponents\\base_component.py:11: AssertionError"}, "parameters": [{"name": "browser_page", "value": "'firefox'"}], "start": 1754893783188, "stop": 1754893790755, "uuid": "8da79ceb-5b8b-4c19-b1e1-6b7b51c55ce9", "historyId": "b17c5f164ee3b5e5610587cfe1fb0654", "testCaseId": "0843bce21d1e1fc5a1df0b20e56d303e", "fullName": "tests.test_search_products.test_search_products#test_search_products_no_path", "labels": [{"name": "tag", "value": "no_path"}, {"name": "tag", "value": "smoke"}, {"name": "tag", "value": "search_product"}, {"name": "parentSuite", "value": "tests.test_search_products"}, {"name": "suite", "value": "test_search_products"}, {"name": "host", "value": "DESKTOP-413R136"}, {"name": "thread", "value": "20216-MainThread"}, {"name": "framework", "value": "pytest"}, {"name": "language", "value": "cpython3"}, {"name": "package", "value": "tests.test_search_products.test_search_products"}], "titlePath": ["tests", "test_search_products", "test_search_products.py"]}