{"name": "Checking navbar on static pages", "status": "failed", "statusDetails": {"message": "AssertionError: Locator expected to have text 'Products'\nActual value:  Products \nCall log:\n  - Expect \"to_have_text\" with timeout 5000ms\n  - waiting for locator(\"//*[@id=\\\"header\\\"]/div/div/div/div[2]/div/ul/li[2]/a\")\n    9 × locator resolved to <a href=\"/products\">…</a>\n      - unexpected value \" Products\"", "trace": "self = <tests.test_navbar.test_navbar.TestNavbar object at 0x000001C03C6D4950>\nstart_page = <pages.start_page.start_page.StartPage object at 0x000001C03CB62210>\nurl = 'https://www.automationexercise.com/category_products/1'\n\n    @allure.title(\"Checking navbar on static pages\")\n    @pytest.mark.smoke\n    @pytest.mark.no_path\n    @pytest.mark.parametrize(\"url\", [settings.app_url, urljoin(settings.app_url, \"products\"),\n                                     urljoin(settings.app_url, \"view_cart\"), urljoin(settings.app_url, \"login\"),\n                                     urljoin(settings.app_url, \"test_cases\"), urljoin(settings.app_url, \"api_list\"),\n                                     urljoin(settings.app_url, \"contact_us\"),\n                                     urljoin(settings.app_url, \"category_products/1\"),\n                                     urljoin(settings.app_url, \"category_products/2\"),\n                                     urljoin(settings.app_url, \"category_products/7\"),\n                                     urljoin(settings.app_url, \"category_products/3\"),\n                                     urljoin(settings.app_url, \"category_products/6\"),\n                                     urljoin(settings.app_url, \"category_products/4\"),\n                                     urljoin(settings.app_url, \"category_products/5\"),\n                                     urljoin(settings.app_url, \"brand_products/Polo\"),\n                                     urljoin(settings.app_url, \"brand_products/H&M\"),\n                                     urljoin(settings.app_url, \"brand_products/Madame\"),\n                                     urljoin(settings.app_url, \"brand_products/Mast%20&%20Harbour\"),\n                                     urljoin(settings.app_url, \"brand_products/Babyhug\"),\n                                     urljoin(settings.app_url, \"brand_products/Allen%20Solly%20Junior\"),\n                                     urljoin(settings.app_url, \"brand_products/Kookie%20Kids\"),\n                                     urljoin(settings.app_url, \"brand_products/Biba\"),\n                                     urljoin(settings.app_url, \"product_details/1\")])\n    def test_navbar_no_login(self, start_page: StartPage, url):\n        start_page.visit(url)\n>       start_page.navbar.check_navbar_no_login()\n\ntests\\test_navbar\\test_navbar.py:37: \n_ _ _ _ _ _ _ _ _ _ _ _ _ _ _ _ _ _ _ _ _ _ _ _ _ _ _ _ _ _ _ _ _ _ _ _ _ _ _ _\ncomponents\\navbar\\navbar.py:71: in check_navbar_no_login\n    self.products_link.to_have_text(\"Products\")\n_ _ _ _ _ _ _ _ _ _ _ _ _ _ _ _ _ _ _ _ _ _ _ _ _ _ _ _ _ _ _ _ _ _ _ _ _ _ _ _\n\nself = <components.elements.link.Link object at 0x000001C03CBA5B70>\ntext = 'Products'\n\n    def to_have_text(self, text:str):\n        locator=self.get_locator()\n>       expect(locator).to_have_text(text)\nE       AssertionError: Locator expected to have text 'Products'\nE       Actual value:  Products \nE       Call log:\nE         - Expect \"to_have_text\" with timeout 5000ms\nE         - waiting for locator(\"//*[@id=\\\"header\\\"]/div/div/div/div[2]/div/ul/li[2]/a\")\nE           9 × locator resolved to <a href=\"/products\">…</a>\nE             - unexpected value \" Products\"\n\ncomponents\\elements\\base_element.py:17: AssertionError"}, "parameters": [{"name": "browser_page", "value": "'chromium'"}, {"name": "url", "value": "'https://www.automationexercise.com/category_products/1'"}], "start": 1754822413514, "stop": 1754822421178, "uuid": "783d0a44-5c54-435b-8372-77c36a27f1cf", "historyId": "c0c1f214d7b283971a32650aba378d7c", "testCaseId": "db086602e21da6a7905455ac0483f7da", "fullName": "tests.test_navbar.test_navbar.TestNavbar#test_navbar_no_login", "labels": [{"name": "tag", "value": "no_path"}, {"name": "tag", "value": "smoke"}, {"name": "tag", "value": "navbar"}, {"name": "parentSuite", "value": "tests.test_navbar"}, {"name": "suite", "value": "test_navbar"}, {"name": "subSuite", "value": "TestNavbar"}, {"name": "host", "value": "DESKTOP-413R136"}, {"name": "thread", "value": "15596-MainThread"}, {"name": "framework", "value": "pytest"}, {"name": "language", "value": "cpython3"}, {"name": "package", "value": "tests.test_navbar.test_navbar"}], "titlePath": ["tests", "test_navbar", "test_navbar.py", "TestNavbar"]}