{"name": "Checking current item on static page", "status": "failed", "statusDetails": {"message": "AssertionError: Locator expected to be visible\nActual value: <element(s) not found> \nCall log:\n  - Expect \"to_be_visible\" with timeout 5000ms\n  - waiting for locator(\"//p[normalize-space()=\\\"Women > Tops\\\"]\")", "trace": "products_page = <pages.products_page.products_page.ProductsPage object at 0x0000021C193D0830>\n\n    @pytest.mark.current_item\n    @pytest.mark.smoke\n    @pytest.mark.no_path\n    @allure.title(\"Checking current item on static page\")\n    def test_current_item_no_path(products_page:ProductsPage):\n        products_page.visit(urljoin(settings.app_url, \"product_details/1\"))\n>       products_page.current_item.check_current_item()\n\ntests\\test_current_item\\test_current_item.py:14: \n_ _ _ _ _ _ _ _ _ _ _ _ _ _ _ _ _ _ _ _ _ _ _ _ _ _ _ _ _ _ _ _ _ _ _ _ _ _ _ _\ncomponents\\current_item\\current_item.py:43: in check_current_item\n    self.item_path.to_be_visible()\n_ _ _ _ _ _ _ _ _ _ _ _ _ _ _ _ _ _ _ _ _ _ _ _ _ _ _ _ _ _ _ _ _ _ _ _ _ _ _ _\n\nself = <components.elements.text.Text object at 0x0000021C193C2CF0>\n\n    def to_be_visible(self):\n        locator=self.get_locator()\n>       expect(locator).to_be_visible()\nE       AssertionError: Locator expected to be visible\nE       Actual value: <element(s) not found> \nE       Call log:\nE         - Expect \"to_be_visible\" with timeout 5000ms\nE         - waiting for locator(\"//p[normalize-space()=\\\"Women > Tops\\\"]\")\n\ncomponents\\elements\\base_element.py:14: AssertionError"}, "parameters": [{"name": "browser_page", "value": "'chromium'"}], "start": 1755013678158, "stop": 1755013684631, "uuid": "3c24c2fd-127c-4644-af4b-94aaf7fcc993", "historyId": "ef0eda28c705744d60629b7a3adf32a9", "testCaseId": "6a77891ddb945149d7354f0a6d47f43c", "fullName": "tests.test_current_item.test_current_item#test_current_item_no_path", "labels": [{"name": "tag", "value": "no_path"}, {"name": "tag", "value": "smoke"}, {"name": "tag", "value": "current_item"}, {"name": "parentSuite", "value": "tests.test_current_item"}, {"name": "suite", "value": "test_current_item"}, {"name": "host", "value": "DESKTOP-413R136"}, {"name": "thread", "value": "4008-MainThread"}, {"name": "framework", "value": "pytest"}, {"name": "language", "value": "cpython3"}, {"name": "package", "value": "tests.test_current_item.test_current_item"}], "titlePath": ["tests", "test_current_item", "test_current_item.py"]}