{"name": "Checking lower panel on cart", "status": "failed", "statusDetails": {"message": "AssertionError: Locator expected to have text '1'\nActual value: 2 \nCall log:\n  - Expect \"to_have_text\" with timeout 5000ms\n  - waiting for locator(\"//*[@id=\\\"product-1\\\"]/td[4]/button\")\n    9 × locator resolved to <button class=\"disabled\">2</button>\n      - unexpected value \"2\"", "trace": "self = <tests.test_lower_panel.test_lower_panel.TestLowerPanel.TestLowerPanelRegression object at 0x0000014BD4C9E3F0>\ncart_page = <pages.cart_page.cart_page.CartPage object at 0x0000014BD4E20EC0>\n\n    @allure.title(\"Checking lower panel on cart\")\n    @pytest.mark.regression\n    @pytest.mark.cart\n    def test_lower_panel_cart_path(self, cart_page: CartPage):\n        cart_page.visit(urljoin(settings.app_url, \"login\"))\n        cart_page.subscription_copyright.check_subscription_copyright()\n        cart_page.login.check_login()\n        cart_page.items.check_item()\n        cart_page.items.added_item()\n        cart_page.subscription_copyright.check_subscription_copyright()\n        cart_page.items.cart_item()\n        cart_page.items.cart_item_continue()\n        cart_page.subscription_copyright.check_subscription_copyright()\n>       cart_page.items.check_checkout()\n\ntests\\test_lower_panel\\test_lower_panel.py:68: \n_ _ _ _ _ _ _ _ _ _ _ _ _ _ _ _ _ _ _ _ _ _ _ _ _ _ _ _ _ _ _ _ _ _ _ _ _ _ _ _\ncomponents\\items\\items.py:193: in check_checkout\n    self.cart_item()\ncomponents\\items\\items.py:170: in cart_item\n    self.item_quantity_button.to_have_text(\"1\")\n_ _ _ _ _ _ _ _ _ _ _ _ _ _ _ _ _ _ _ _ _ _ _ _ _ _ _ _ _ _ _ _ _ _ _ _ _ _ _ _\n\nself = <components.elements.button.Button object at 0x0000014BD4E30FC0>\ntext = '1'\n\n    def to_have_text(self, text:str):\n        locator=self.get_locator()\n>       expect(locator).to_have_text(text)\nE       AssertionError: Locator expected to have text '1'\nE       Actual value: 2 \nE       Call log:\nE         - Expect \"to_have_text\" with timeout 5000ms\nE         - waiting for locator(\"//*[@id=\\\"product-1\\\"]/td[4]/button\")\nE           9 × locator resolved to <button class=\"disabled\">2</button>\nE             - unexpected value \"2\"\n\ncomponents\\elements\\base_element.py:17: AssertionError"}, "parameters": [{"name": "browser_page", "value": "'chromium'"}], "start": 1754847430157, "stop": 1754847442182, "uuid": "52724dd7-7e53-49cc-819c-fe6fd491d695", "historyId": "5012d0bbb0aa6543f49a4f6bb19a4361", "testCaseId": "1fbd4129b57defce26b51a4dd395fef3", "fullName": "tests.test_lower_panel.test_lower_panel.TestLowerPanel.TestLowerPanelRegression#test_lower_panel_cart_path", "labels": [{"name": "tag", "value": "cart"}, {"name": "tag", "value": "regression"}, {"name": "tag", "value": "regression"}, {"name": "tag", "value": "footer"}, {"name": "parentSuite", "value": "tests.test_lower_panel"}, {"name": "suite", "value": "test_lower_panel"}, {"name": "subSuite", "value": "TestLowerPanel > TestLowerPanelRegression"}, {"name": "host", "value": "DESKTOP-413R136"}, {"name": "thread", "value": "22852-MainThread"}, {"name": "framework", "value": "pytest"}, {"name": "language", "value": "cpython3"}, {"name": "package", "value": "tests.test_lower_panel.test_lower_panel"}], "titlePath": ["tests", "test_lower_panel", "test_lower_panel.py", "TestLowerPanel", "TestLowerPanelRegression"]}