{"name": "Checking search products on static page", "status": "failed", "statusDetails": {"message": "AssertionError: Page URL expected to be 're.compile('.*/products?search=blue%20top')'\nActual value: https://www.automationexercise.com/products?search=Blue%20Top \nCall log:\n  - Expect \"to_have_url\" with timeout 5000ms\n    9 × unexpected value \"https://www.automationexercise.com/products?search=Blue%20Top\"", "trace": "products_page = <pages.products_page.products_page.ProductsPage object at 0x0000017F76997E00>\n\n    @pytest.mark.search_product\n    @pytest.mark.smoke\n    @pytest.mark.no_path\n    @allure.title(\"Checking search products on static page\")\n    def test_search_products_no_path(products_page:ProductsPage):\n        products_page.visit(urljoin(settings.app_url, \"products\"))\n        products_page.search_product.check_container()\n        products_page.items.check_item()\n>       products_page.search_product.check_search_product()\n\ntests\\test_search_products\\test_search_products.py:18: \n_ _ _ _ _ _ _ _ _ _ _ _ _ _ _ _ _ _ _ _ _ _ _ _ _ _ _ _ _ _ _ _ _ _ _ _ _ _ _ _\ncomponents\\search_product\\search_product.py:39: in check_search_product\n    self.check_url(\"products?search=blue%20top\")\ncomponents\\search_product\\search_product.py:41: in check_url\n    self.check_current_url(re.compile(rf'.*/{text}'))\n_ _ _ _ _ _ _ _ _ _ _ _ _ _ _ _ _ _ _ _ _ _ _ _ _ _ _ _ _ _ _ _ _ _ _ _ _ _ _ _\n\nself = <components.search_product.search_product.SearchProduct object at 0x0000017F76C84050>\nexpected_url = re.compile('.*/products?search=blue%20top')\n\n    def check_current_url(self, expected_url:Pattern[str]):\n>       expect(self.page).to_have_url(expected_url)\nE       AssertionError: Page URL expected to be 're.compile('.*/products?search=blue%20top')'\nE       Actual value: https://www.automationexercise.com/products?search=Blue%20Top \nE       Call log:\nE         - Expect \"to_have_url\" with timeout 5000ms\nE           9 × unexpected value \"https://www.automationexercise.com/products?search=Blue%20Top\"\n\ncomponents\\base_component.py:11: AssertionError"}, "parameters": [{"name": "browser_page", "value": "'chromium'"}], "start": 1754893691798, "stop": 1754893701884, "uuid": "7618548f-74ea-4f7e-a4d1-1fe4cd6438dc", "historyId": "e7565e4c725e316db9e11b8a46e3edec", "testCaseId": "0843bce21d1e1fc5a1df0b20e56d303e", "fullName": "tests.test_search_products.test_search_products#test_search_products_no_path", "labels": [{"name": "tag", "value": "no_path"}, {"name": "tag", "value": "smoke"}, {"name": "tag", "value": "search_product"}, {"name": "parentSuite", "value": "tests.test_search_products"}, {"name": "suite", "value": "test_search_products"}, {"name": "host", "value": "DESKTOP-413R136"}, {"name": "thread", "value": "19048-MainThread"}, {"name": "framework", "value": "pytest"}, {"name": "language", "value": "cpython3"}, {"name": "package", "value": "tests.test_search_products.test_search_products"}], "titlePath": ["tests", "test_search_products", "test_search_products.py"]}