{"name": "Checking scroll up on cart", "status": "failed", "statusDetails": {"message": "AssertionError: Locator expected to have text '1'\nActual value: 2 \nCall log:\n  - Expect \"to_have_text\" with timeout 5000ms\n  - waiting for locator(\"//*[@id=\\\"product-1\\\"]/td[4]/button\")\n    9 × locator resolved to <button class=\"disabled\">2</button>\n      - unexpected value \"2\"", "trace": "self = <tests.test_scroll_up.test_scroll_up.TestScrollUp.TestScrollUpRegression object at 0x0000018895B5E780>\ncart_page = <pages.cart_page.cart_page.CartPage object at 0x0000018895FA9550>\n\n    @allure.title(\"Checking scroll up on cart\")\n    @pytest.mark.regression\n    @pytest.mark.cart\n    def test_lower_panel_cart_path(self, cart_page: CartPage):\n        cart_page.visit(urljoin(settings.app_url, \"login\"))\n        cart_page.login.check_login()\n        cart_page.items.check_item()\n        cart_page.items.added_item()\n>       cart_page.items.cart_item()\n\ntests\\test_scroll_up\\test_scroll_up.py:57: \n_ _ _ _ _ _ _ _ _ _ _ _ _ _ _ _ _ _ _ _ _ _ _ _ _ _ _ _ _ _ _ _ _ _ _ _ _ _ _ _\ncomponents\\items\\items.py:170: in cart_item\n    self.item_quantity_button.to_have_text(\"1\")\n_ _ _ _ _ _ _ _ _ _ _ _ _ _ _ _ _ _ _ _ _ _ _ _ _ _ _ _ _ _ _ _ _ _ _ _ _ _ _ _\n\nself = <components.elements.button.Button object at 0x00000188960659D0>\ntext = '1'\n\n    def to_have_text(self, text:str):\n        locator=self.get_locator()\n>       expect(locator).to_have_text(text)\nE       AssertionError: Locator expected to have text '1'\nE       Actual value: 2 \nE       Call log:\nE         - Expect \"to_have_text\" with timeout 5000ms\nE         - waiting for locator(\"//*[@id=\\\"product-1\\\"]/td[4]/button\")\nE           9 × locator resolved to <button class=\"disabled\">2</button>\nE             - unexpected value \"2\"\n\ncomponents\\elements\\base_element.py:17: AssertionError"}, "parameters": [{"name": "browser_page", "value": "'chromium'"}], "start": 1754744582593, "stop": 1754744597850, "uuid": "915463de-292a-4fbf-a86c-010397d6cb70", "historyId": "117892ff810ef43869ea99ae93cb0760", "testCaseId": "45b58abbac90b7f174eaa21aed775042", "fullName": "tests.test_scroll_up.test_scroll_up.TestScrollUp.TestScrollUpRegression#test_lower_panel_cart_path", "labels": [{"name": "tag", "value": "cart"}, {"name": "tag", "value": "regression"}, {"name": "tag", "value": "regression"}, {"name": "tag", "value": "scrollup"}, {"name": "parentSuite", "value": "tests.test_scroll_up"}, {"name": "suite", "value": "test_scroll_up"}, {"name": "subSuite", "value": "TestScrollUp > TestScrollUpRegression"}, {"name": "host", "value": "DESKTOP-413R136"}, {"name": "thread", "value": "16756-MainThread"}, {"name": "framework", "value": "pytest"}, {"name": "language", "value": "cpython3"}, {"name": "package", "value": "tests.test_scroll_up.test_scroll_up"}], "titlePath": ["tests", "test_scroll_up", "test_scroll_up.py", "TestScrollUp", "TestScrollUpRegression"]}