{"name": "Checking navbar on cart", "status": "failed", "statusDetails": {"message": "AssertionError: Locator expected to have attribute '/download_invoice/500'\nActual value: /download_invoice/1000 \nCall log:\n  - Expect \"to_have_attribute\" with timeout 5000ms\n  - waiting for locator(\"//*[@id=\\\"form\\\"]/div/div/div/a\")\n    9 × locator resolved to <a href=\"/download_invoice/1000\" class=\"btn btn-default check_out\">Download Invoice</a>\n      - unexpected value \"/download_invoice/1000\"", "trace": "self = <tests.test_navbar.test_navbar.TestNavbar.TestNavbarRegression object at 0x000002C5FC456520>\ncart_page = <pages.cart_page.cart_page.CartPage object at 0x000002C5FC8D02F0>\n\n    @allure.title(\"Checking navbar on cart\")\n    @pytest.mark.regression\n    @pytest.mark.cart\n    def test_navbar_cart_path(self, cart_page: CartPage):\n        cart_page.visit(urljoin(settings.app_url, \"login\"))\n        cart_page.navbar.check_navbar_no_login()\n        cart_page.login.check_login()\n        cart_page.navbar.check_navbar_with_login()\n        cart_page.items.check_item()\n        cart_page.items.added_item()\n        cart_page.navbar.check_navbar_with_login()\n        cart_page.items.cart_item()\n        cart_page.items.cart_item_continue()\n        cart_page.navbar.check_navbar_with_login()\n        cart_page.items.check_checkout()\n        cart_page.navbar.check_navbar_with_login()\n        cart_page.items.check_payment()\n        cart_page.navbar.check_navbar_with_login()\n>       cart_page.items.payment_done()\n\ntests\\test_navbar\\test_navbar.py:74: \n_ _ _ _ _ _ _ _ _ _ _ _ _ _ _ _ _ _ _ _ _ _ _ _ _ _ _ _ _ _ _ _ _ _ _ _ _ _ _ _\ncomponents\\items\\items.py:244: in payment_done\n    self.invoice_link.to_have_attribute(\"href\", \"/download_invoice/500\")\n_ _ _ _ _ _ _ _ _ _ _ _ _ _ _ _ _ _ _ _ _ _ _ _ _ _ _ _ _ _ _ _ _ _ _ _ _ _ _ _\n\nself = <components.elements.link.Link object at 0x000002C5FC696690>\nname = 'href', value = '/download_invoice/500'\n\n    def to_have_attribute(self, name:str, value:str):\n        locator=self.get_locator()\n>       expect(locator).to_have_attribute(name, value)\nE       AssertionError: Locator expected to have attribute '/download_invoice/500'\nE       Actual value: /download_invoice/1000 \nE       Call log:\nE         - Expect \"to_have_attribute\" with timeout 5000ms\nE         - waiting for locator(\"//*[@id=\\\"form\\\"]/div/div/div/a\")\nE           9 × locator resolved to <a href=\"/download_invoice/1000\" class=\"btn btn-default check_out\">Download Invoice</a>\nE             - unexpected value \"/download_invoice/1000\"\n\ncomponents\\elements\\base_element.py:20: AssertionError"}, "parameters": [{"name": "browser_page", "value": "'chromium'"}], "start": 1754826117127, "stop": 1754826133469, "uuid": "c78f000d-7185-4154-9141-6e7541859039", "historyId": "096d2371da2bc03fcd8642d6d3ae45aa", "testCaseId": "7cf6ac6fba172b3ae884342a54069942", "fullName": "tests.test_navbar.test_navbar.TestNavbar.TestNavbarRegression#test_navbar_cart_path", "labels": [{"name": "tag", "value": "cart"}, {"name": "tag", "value": "regression"}, {"name": "tag", "value": "regression"}, {"name": "tag", "value": "navbar"}, {"name": "parentSuite", "value": "tests.test_navbar"}, {"name": "suite", "value": "test_navbar"}, {"name": "subSuite", "value": "TestNavbar > TestNavbarRegression"}, {"name": "host", "value": "DESKTOP-413R136"}, {"name": "thread", "value": "26948-MainThread"}, {"name": "framework", "value": "pytest"}, {"name": "language", "value": "cpython3"}, {"name": "package", "value": "tests.test_navbar.test_navbar"}], "titlePath": ["tests", "test_navbar", "test_navbar.py", "TestNavbar", "TestNavbarRegression"]}