{"name": "Checking navbar panel on signup page", "status": "failed", "statusDetails": {"message": "AssertionError: Locator expected to have text 'Logged in as'\nActual value:  Logged in as Sharon Boyd \nCall log:\n  - Expect \"to_have_text\" with timeout 5000ms\n  - waiting for locator(\"//*[@id=\\\"header\\\"]/div/div/div/div[2]/div/ul/li[10]/a\")\n    9 × locator resolved to <a>…</a>\n      - unexpected value \" Logged in as Sharon Boyd\"", "trace": "self = <tests.test_navbar.test_navbar.TestNavbar.TestNavbarRegression object at 0x0000019ED32B2490>\nlogin_page = <pages.login_page.login_page.LoginPage object at 0x0000019ED343BE00>\n\n    @allure.title(\"Checking navbar panel on signup page\")\n    @pytest.mark.signup\n    def test_navbar_signup_path(self, login_page: LoginPage):\n        login_page.visit(urljoin(settings.app_url, \"login\"))\n        login_page.signup.check_signup()\n        login_page.navbar.check_navbar_no_login()\n        login_page.signup.check_account_information()\n        login_page.navbar.check_navbar_no_login()\n        login_page.signup.check_address_information()\n        login_page.navbar.check_navbar_no_login()\n        login_page.signup.check_account_created()\n>       login_page.navbar.check_navbar_with_login()\n\ntests\\test_navbar\\test_navbar.py:53: \n_ _ _ _ _ _ _ _ _ _ _ _ _ _ _ _ _ _ _ _ _ _ _ _ _ _ _ _ _ _ _ _ _ _ _ _ _ _ _ _\ncomponents\\navbar\\navbar.py:180: in check_navbar_with_login\n    self.logged_in_as_text.to_have_text(\"Logged in as\")\n_ _ _ _ _ _ _ _ _ _ _ _ _ _ _ _ _ _ _ _ _ _ _ _ _ _ _ _ _ _ _ _ _ _ _ _ _ _ _ _\n\nself = <components.elements.text.Text object at 0x0000019ED37103B0>\ntext = 'Logged in as'\n\n    def to_have_text(self, text:str):\n        locator=self.get_locator()\n>       expect(locator).to_have_text(text)\nE       AssertionError: Locator expected to have text 'Logged in as'\nE       Actual value:  Logged in as Sharon Boyd \nE       Call log:\nE         - Expect \"to_have_text\" with timeout 5000ms\nE         - waiting for locator(\"//*[@id=\\\"header\\\"]/div/div/div/div[2]/div/ul/li[10]/a\")\nE           9 × locator resolved to <a>…</a>\nE             - unexpected value \" Logged in as Sharon Boyd\"\n\ncomponents\\elements\\base_element.py:17: AssertionError"}, "parameters": [{"name": "browser_page", "value": "'firefox'"}], "start": 1754824989385, "stop": 1754825003391, "uuid": "20b60477-3002-4a82-99b2-302f7e505cbf", "historyId": "c43f4e33c8b29d1c141ac6bba5e998c6", "testCaseId": "75c2b577c07a1da40ecea6902ad3b66e", "fullName": "tests.test_navbar.test_navbar.TestNavbar.TestNavbarRegression#test_navbar_signup_path", "labels": [{"name": "tag", "value": "signup"}, {"name": "tag", "value": "regression"}, {"name": "tag", "value": "navbar"}, {"name": "parentSuite", "value": "tests.test_navbar"}, {"name": "suite", "value": "test_navbar"}, {"name": "subSuite", "value": "TestNavbar > TestNavbarRegression"}, {"name": "host", "value": "DESKTOP-413R136"}, {"name": "thread", "value": "24808-MainThread"}, {"name": "framework", "value": "pytest"}, {"name": "language", "value": "cpython3"}, {"name": "package", "value": "tests.test_navbar.test_navbar"}], "titlePath": ["tests", "test_navbar", "test_navbar.py", "TestNavbar", "TestNavbarRegression"]}