{"name": "Checking navbar on cart", "status": "failed", "statusDetails": {"message": "AssertionError: Locator expected to have attribute '/download_invoice/1000'\nActual value: /download_invoice/0 \nCall log:\n  - Expect \"to_have_attribute\" with timeout 5000ms\n  - waiting for locator(\"//*[@id=\\\"form\\\"]/div/div/div/a\")\n    9 × locator resolved to <a href=\"/download_invoice/0\" class=\"btn btn-default check_out\">Download Invoice</a>\n      - unexpected value \"/download_invoice/0\"", "trace": "self = <tests.test_navbar.test_navbar.TestNavbar.TestNavbarRegression object at 0x000001DEEE916520>\ncart_page = <pages.cart_page.cart_page.CartPage object at 0x000001DEEEA8BE00>\n\n    @allure.title(\"Checking navbar on cart\")\n    @pytest.mark.regression\n    @pytest.mark.cart\n    def test_lower_panel_cart_path(self, cart_page: CartPage):\n        cart_page.visit(urljoin(settings.app_url, \"login\"))\n        cart_page.navbar.check_navbar_no_login()\n        cart_page.login.check_login()\n        cart_page.navbar.check_navbar_with_login()\n        cart_page.items.check_item()\n        cart_page.items.added_item()\n        cart_page.navbar.check_navbar_with_login()\n        cart_page.items.cart_item()\n        cart_page.items.cart_item_continue()\n        cart_page.navbar.check_navbar_with_login()\n        cart_page.items.check_checkout()\n        cart_page.navbar.check_navbar_with_login()\n        cart_page.items.check_payment()\n        cart_page.navbar.check_navbar_with_login()\n>       cart_page.items.payment_done()\n\ntests\\test_navbar\\test_navbar.py:74: \n_ _ _ _ _ _ _ _ _ _ _ _ _ _ _ _ _ _ _ _ _ _ _ _ _ _ _ _ _ _ _ _ _ _ _ _ _ _ _ _\ncomponents\\items\\items.py:244: in payment_done\n    self.invoice_link.to_have_attribute(\"href\", \"/download_invoice/1000\")\n_ _ _ _ _ _ _ _ _ _ _ _ _ _ _ _ _ _ _ _ _ _ _ _ _ _ _ _ _ _ _ _ _ _ _ _ _ _ _ _\n\nself = <components.elements.link.Link object at 0x000001DEEED4C290>\nname = 'href', value = '/download_invoice/1000'\n\n    def to_have_attribute(self, name:str, value:str):\n        locator=self.get_locator()\n>       expect(locator).to_have_attribute(name, value)\nE       AssertionError: Locator expected to have attribute '/download_invoice/1000'\nE       Actual value: /download_invoice/0 \nE       Call log:\nE         - Expect \"to_have_attribute\" with timeout 5000ms\nE         - waiting for locator(\"//*[@id=\\\"form\\\"]/div/div/div/a\")\nE           9 × locator resolved to <a href=\"/download_invoice/0\" class=\"btn btn-default check_out\">Download Invoice</a>\nE             - unexpected value \"/download_invoice/0\"\n\ncomponents\\elements\\base_element.py:20: AssertionError"}, "parameters": [{"name": "browser_page", "value": "'chromium'"}], "start": 1754825343433, "stop": 1754825357932, "uuid": "efb0a792-74c1-44a6-abd8-89355ea52457", "historyId": "a9573d601e16177aabc9d0f106432f68", "testCaseId": "9ed83eea53be3617fec34c260248b4f9", "fullName": "tests.test_navbar.test_navbar.TestNavbar.TestNavbarRegression#test_lower_panel_cart_path", "labels": [{"name": "tag", "value": "cart"}, {"name": "tag", "value": "regression"}, {"name": "tag", "value": "regression"}, {"name": "tag", "value": "navbar"}, {"name": "parentSuite", "value": "tests.test_navbar"}, {"name": "suite", "value": "test_navbar"}, {"name": "subSuite", "value": "TestNavbar > TestNavbarRegression"}, {"name": "host", "value": "DESKTOP-413R136"}, {"name": "thread", "value": "27536-MainThread"}, {"name": "framework", "value": "pytest"}, {"name": "language", "value": "cpython3"}, {"name": "package", "value": "tests.test_navbar.test_navbar"}], "titlePath": ["tests", "test_navbar", "test_navbar.py", "TestNavbar", "TestNavbarRegression"]}