{"name": "Checking navbar on static pages", "status": "failed", "statusDetails": {"message": "AssertionError: Locator expected to have attribute 'https://www.youtube.com/c/AutomationExercis'\nActual value: https://www.youtube.com/c/AutomationExercise \nCall log:\n  - Expect \"to_have_attribute\" with timeout 5000ms\n  - waiting for locator(\"//*[@id=\\\"header\\\"]/div/div/div/div[2]/div/ul/li[8]/a | //*[@id=\\\"header\\\"]/div/div/div/div[2]/div/ul/li[7]/a\").first\n    8 × locator resolved to <a href=\"https://www.youtube.com/c/AutomationExercise\">…</a>\n      - unexpected value \"https://www.youtube.com/c/AutomationExercise\"", "trace": "self = <tests.test_navbar.test_navbar.TestNavbar object at 0x0000018D40E8BBB0>\nstart_page = <pages.start_page.start_page.StartPage object at 0x0000018D4143F4D0>\nurl = 'https://www.automationexercise.com/brand_products/Allen%20Solly%20Junior'\n\n    @allure.title(\"Checking navbar on static pages\")\n    @pytest.mark.smoke\n    @pytest.mark.no_path\n    @pytest.mark.parametrize(\"url\", [settings.app_url,\n                                     urljoin(settings.app_url, \"category_products/1\"),\n                                     urljoin(settings.app_url, \"category_products/2\"),\n                                     urljoin(settings.app_url, \"category_products/7\"),\n                                     urljoin(settings.app_url, \"category_products/3\"),\n                                     urljoin(settings.app_url, \"category_products/6\"),\n                                     urljoin(settings.app_url, \"category_products/4\"),\n                                     urljoin(settings.app_url, \"category_products/5\"),\n                                     urljoin(settings.app_url, \"brand_products/Polo\"),\n                                     urljoin(settings.app_url, \"brand_products/H&M\"),\n                                     urljoin(settings.app_url, \"brand_products/Madame\"),\n                                     urljoin(settings.app_url, \"brand_products/Mast%20&%20Harbour\"),\n                                     urljoin(settings.app_url, \"brand_products/Babyhug\"),\n                                     urljoin(settings.app_url, \"brand_products/Allen%20Solly%20Junior\"),\n                                     urljoin(settings.app_url, \"brand_products/Kookie%20Kids\"),\n                                     urljoin(settings.app_url, \"brand_products/Biba\"),\n                                     urljoin(settings.app_url, \"product_details/1\")])\n    def test_navbar_no_login(self, start_page: StartPage, url):\n        start_page.visit(url)\n>       start_page.navbar.check_navbar_no_login()\n\ntests\\test_navbar\\test_navbar.py:34: \n_ _ _ _ _ _ _ _ _ _ _ _ _ _ _ _ _ _ _ _ _ _ _ _ _ _ _ _ _ _ _ _ _ _ _ _ _ _ _ _\ncomponents\\navbar\\navbar.py:102: in check_navbar_no_login\n    self.youtube_link.to_have_attribute(\"href\", \"https://www.youtube.com/c/AutomationExercis\")\n_ _ _ _ _ _ _ _ _ _ _ _ _ _ _ _ _ _ _ _ _ _ _ _ _ _ _ _ _ _ _ _ _ _ _ _ _ _ _ _\n\nself = <components.elements.link.Link object at 0x0000018D41424A70>\nname = 'href', value = 'https://www.youtube.com/c/AutomationExercis'\n\n    def to_have_attribute(self, name:str, value:str):\n        locator=self.get_locator()\n>       expect(locator).to_have_attribute(name, value)\nE       AssertionError: Locator expected to have attribute 'https://www.youtube.com/c/AutomationExercis'\nE       Actual value: https://www.youtube.com/c/AutomationExercise \nE       Call log:\nE         - Expect \"to_have_attribute\" with timeout 5000ms\nE         - waiting for locator(\"//*[@id=\\\"header\\\"]/div/div/div/div[2]/div/ul/li[8]/a | //*[@id=\\\"header\\\"]/div/div/div/div[2]/div/ul/li[7]/a\").first\nE           8 × locator resolved to <a href=\"https://www.youtube.com/c/AutomationExercise\">…</a>\nE             - unexpected value \"https://www.youtube.com/c/AutomationExercise\"\n\ncomponents\\elements\\base_element.py:20: AssertionError"}, "parameters": [{"name": "browser_page", "value": "'firefox'"}, {"name": "url", "value": "'https://www.automationexercise.com/brand_products/Allen%20Solly%20Junior'"}], "start": 1754823059012, "stop": 1754823076222, "uuid": "50ce26eb-146a-4fb9-bc46-3369610b0e15", "historyId": "2f09311f50d8714b5f5bd89ab9ed6e97", "testCaseId": "db086602e21da6a7905455ac0483f7da", "fullName": "tests.test_navbar.test_navbar.TestNavbar#test_navbar_no_login", "labels": [{"name": "tag", "value": "no_path"}, {"name": "tag", "value": "smoke"}, {"name": "tag", "value": "navbar"}, {"name": "parentSuite", "value": "tests.test_navbar"}, {"name": "suite", "value": "test_navbar"}, {"name": "subSuite", "value": "TestNavbar"}, {"name": "host", "value": "DESKTOP-413R136"}, {"name": "thread", "value": "16504-MainThread"}, {"name": "framework", "value": "pytest"}, {"name": "language", "value": "cpython3"}, {"name": "package", "value": "tests.test_navbar.test_navbar"}], "titlePath": ["tests", "test_navbar", "test_navbar.py", "TestNavbar"]}