{"name": "Checking scroll up on static pages", "status": "failed", "statusDetails": {"message": "AssertionError: Locator expected to be visible\nActual value: hidden \nCall log:\n  - Expect \"to_be_visible\" with timeout 5000ms\n  - waiting for locator(\"//*[@id=\\\"scrollUp\\\"]\")\n    9 × locator resolved to <a href=\"#top\" id=\"scrollUp\">…</a>\n      - unexpected value \"hidden\"", "trace": "self = <tests.test_scroll_up.test_scroll_up.TestScrollUp object at 0x0000020BD79C2210>\nstart_page = <pages.start_page.start_page.StartPage object at 0x0000020BD7EC5810>\nurl = 'https://www.automationexercise.com/products'\n\n    @pytest.mark.smoke\n    @pytest.mark.no_path\n    @allure.title(\"Checking scroll up on static pages\")\n    @pytest.mark.parametrize(\"url\", [settings.app_url, urljoin(settings.app_url, \"products\"),\n                                     urljoin(settings.app_url, \"test_cases\"), urljoin(settings.app_url, \"api_list\"),\n                                     urljoin(settings.app_url, \"contact_us\"),\n                                     urljoin(settings.app_url, \"category_products/1\"),\n                                     urljoin(settings.app_url, \"category_products/2\"),\n                                     urljoin(settings.app_url, \"category_products/7\"),\n                                     urljoin(settings.app_url, \"category_products/3\"),\n                                     urljoin(settings.app_url, \"category_products/6\"),\n                                     urljoin(settings.app_url, \"category_products/4\"),\n                                     urljoin(settings.app_url, \"category_products/5\"),\n                                     urljoin(settings.app_url, \"brand_products/Polo\"),\n                                     urljoin(settings.app_url, \"brand_products/H&M\"),\n                                     urljoin(settings.app_url, \"brand_products/Madame\"),\n                                     urljoin(settings.app_url, \"brand_products/Mast%20&%20Harbour\"),\n                                     urljoin(settings.app_url, \"brand_products/Babyhug\"),\n                                     urljoin(settings.app_url, \"brand_products/Allen%20Solly%20Junior\"),\n                                     urljoin(settings.app_url, \"brand_products/Kookie%20Kids\"),\n                                     urljoin(settings.app_url, \"brand_products/Biba\"),\n                                     urljoin(settings.app_url, \"product_details/1\")])\n    def test_scroll_up_no_path(self, start_page: StartPage, url):\n        start_page.visit(url)\n>       start_page.scroll_up.check_scroll_up()\n\ntests\\test_scroll_up\\test_scroll_up.py:36: \n_ _ _ _ _ _ _ _ _ _ _ _ _ _ _ _ _ _ _ _ _ _ _ _ _ _ _ _ _ _ _ _ _ _ _ _ _ _ _ _\ncomponents\\scroll_up\\scroll_up.py:14: in check_scroll_up\n    self.scroll_link.to_be_visible()\n_ _ _ _ _ _ _ _ _ _ _ _ _ _ _ _ _ _ _ _ _ _ _ _ _ _ _ _ _ _ _ _ _ _ _ _ _ _ _ _\n\nself = <components.elements.link.Link object at 0x0000020BD7F1C550>\n\n    def to_be_visible(self):\n        locator=self.get_locator()\n>       expect(locator).to_be_visible()\nE       AssertionError: Locator expected to be visible\nE       Actual value: hidden \nE       Call log:\nE         - Expect \"to_be_visible\" with timeout 5000ms\nE         - waiting for locator(\"//*[@id=\\\"scrollUp\\\"]\")\nE           9 × locator resolved to <a href=\"#top\" id=\"scrollUp\">…</a>\nE             - unexpected value \"hidden\"\n\ncomponents\\elements\\base_element.py:14: AssertionError"}, "parameters": [{"name": "browser_page", "value": "'chromium'"}, {"name": "url", "value": "'https://www.automationexercise.com/products'"}], "start": 1754740765544, "stop": 1754740771988, "uuid": "c434e027-e51c-4f46-b48f-b9365a351940", "historyId": "b382b35b2aac68284b1ba167a24e4714", "testCaseId": "3422d8b0b39702bffc0bf8b2b9ea32e8", "fullName": "tests.test_scroll_up.test_scroll_up.TestScrollUp#test_scroll_up_no_path", "labels": [{"name": "tag", "value": "no_path"}, {"name": "tag", "value": "smoke"}, {"name": "tag", "value": "scrollup"}, {"name": "parentSuite", "value": "tests.test_scroll_up"}, {"name": "suite", "value": "test_scroll_up"}, {"name": "subSuite", "value": "TestScrollUp"}, {"name": "host", "value": "DESKTOP-413R136"}, {"name": "thread", "value": "5872-MainThread"}, {"name": "framework", "value": "pytest"}, {"name": "language", "value": "cpython3"}, {"name": "package", "value": "tests.test_scroll_up.test_scroll_up"}], "titlePath": ["tests", "test_scroll_up", "test_scroll_up.py", "TestScrollUp"]}