{"name": "Checking carousel on static pages", "status": "failed", "statusDetails": {"message": "AssertionError: Locator expected to have attribute '/static/images/home/girl2.jpg | /static/images/home/girl1.jpg | /static/images/home/girl3.jpg'\nActual value: /static/images/home/girl2.jpg \nCall log:\n  - Expect \"to_have_attribute\" with timeout 5000ms\n  - waiting for locator(\"//*[@id=\\\"slider-carousel\\\"]/div/div[1]/div[2]/img\")\n    9 × locator resolved to <img class=\"girl img-responsive\" alt=\"demo website for practice\" src=\"/static/images/home/girl2.jpg\"/>\n      - unexpected value \"/static/images/home/girl2.jpg\"", "trace": "start_page = <pages.start_page.start_page.StartPage object at 0x00000241583F4EC0>\n\n    @pytest.mark.carousel\n    @pytest.mark.smoke\n    @pytest.mark.no_path\n    @allure.title(\"Checking carousel on static pages\")\n    def test_lower_panel_no_path(start_page: StartPage):\n        start_page.visit(settings.app_url)\n>       start_page.carousel.check_carousel()\n\ntests\\test_carousel\\test_carousel.py:15: \n_ _ _ _ _ _ _ _ _ _ _ _ _ _ _ _ _ _ _ _ _ _ _ _ _ _ _ _ _ _ _ _ _ _ _ _ _ _ _ _\ncomponents\\carousel\\carousel.py:40: in check_carousel\n    self.image_preview_1.to_have_attribute(\"src\", \"/static/images/home/girl2.jpg\")\n_ _ _ _ _ _ _ _ _ _ _ _ _ _ _ _ _ _ _ _ _ _ _ _ _ _ _ _ _ _ _ _ _ _ _ _ _ _ _ _\n\nself = <components.elements.image.Image object at 0x000002415845F250>\nname = 'src'\nvalue = '/static/images/home/girl2.jpg | /static/images/home/girl1.jpg | /static/images/home/girl3.jpg'\n\n    def to_have_attribute(self, name:str, value:str):\n        locator=self.get_locator()\n>       expect(locator).to_have_attribute(name, value)\nE       AssertionError: Locator expected to have attribute '/static/images/home/girl2.jpg | /static/images/home/girl1.jpg | /static/images/home/girl3.jpg'\nE       Actual value: /static/images/home/girl2.jpg \nE       Call log:\nE         - Expect \"to_have_attribute\" with timeout 5000ms\nE         - waiting for locator(\"//*[@id=\\\"slider-carousel\\\"]/div/div[1]/div[2]/img\")\nE           9 × locator resolved to <img class=\"girl img-responsive\" alt=\"demo website for practice\" src=\"/static/images/home/girl2.jpg\"/>\nE             - unexpected value \"/static/images/home/girl2.jpg\"\n\ncomponents\\elements\\base_element.py:20: AssertionError"}, "parameters": [{"name": "browser_page", "value": "'firefox'"}], "start": 1754845766164, "stop": 1754845773081, "uuid": "c7830c43-b943-41ea-ae6f-68acb28d4e1a", "historyId": "0daa564ab5e27e8ee4f42dac6ed258e4", "testCaseId": "fdf99b13faf34c7db904287e88d4a591", "fullName": "tests.test_carousel.test_carousel#test_lower_panel_no_path", "labels": [{"name": "tag", "value": "no_path"}, {"name": "tag", "value": "smoke"}, {"name": "tag", "value": "carousel"}, {"name": "parentSuite", "value": "tests.test_carousel"}, {"name": "suite", "value": "test_carousel"}, {"name": "host", "value": "DESKTOP-413R136"}, {"name": "thread", "value": "25000-MainThread"}, {"name": "framework", "value": "pytest"}, {"name": "language", "value": "cpython3"}, {"name": "package", "value": "tests.test_carousel.test_carousel"}], "titlePath": ["tests", "test_carousel", "test_carousel.py"]}