{"name": "Checking navbar on cart", "status": "failed", "statusDetails": {"message": "AssertionError: Locator expected to have text '1'\nActual value: 2 \nCall log:\n  - Expect \"to_have_text\" with timeout 5000ms\n  - waiting for locator(\"//*[@id=\\\"product-1\\\"]/td[4]/button\")\n    9 × locator resolved to <button class=\"disabled\">2</button>\n      - unexpected value \"2\"", "trace": "self = <tests.test_navbar.test_navbar.TestNavbar.TestNavbarRegression object at 0x0000023ED7716520>\ncart_page = <pages.cart_page.cart_page.CartPage object at 0x0000023ED788BE00>\n\n    @allure.title(\"Checking navbar on cart\")\n    @pytest.mark.regression\n    @pytest.mark.cart\n    def test_lower_panel_cart_path(self, cart_page: CartPage):\n        cart_page.visit(urljoin(settings.app_url, \"login\"))\n        cart_page.navbar.check_navbar_no_login()\n        cart_page.login.check_login()\n        cart_page.navbar.check_navbar_with_login()\n        cart_page.items.check_item()\n        cart_page.items.added_item()\n        cart_page.navbar.check_navbar_with_login()\n>       cart_page.items.cart_item()\n\ntests\\test_navbar\\test_navbar.py:67: \n_ _ _ _ _ _ _ _ _ _ _ _ _ _ _ _ _ _ _ _ _ _ _ _ _ _ _ _ _ _ _ _ _ _ _ _ _ _ _ _\ncomponents\\items\\items.py:170: in cart_item\n    self.item_quantity_button.to_have_text(\"1\")\n_ _ _ _ _ _ _ _ _ _ _ _ _ _ _ _ _ _ _ _ _ _ _ _ _ _ _ _ _ _ _ _ _ _ _ _ _ _ _ _\n\nself = <components.elements.button.Button object at 0x0000023ED78910F0>\ntext = '1'\n\n    def to_have_text(self, text:str):\n        locator=self.get_locator()\n>       expect(locator).to_have_text(text)\nE       AssertionError: Locator expected to have text '1'\nE       Actual value: 2 \nE       Call log:\nE         - Expect \"to_have_text\" with timeout 5000ms\nE         - waiting for locator(\"//*[@id=\\\"product-1\\\"]/td[4]/button\")\nE           9 × locator resolved to <button class=\"disabled\">2</button>\nE             - unexpected value \"2\"\n\ncomponents\\elements\\base_element.py:17: AssertionError"}, "parameters": [{"name": "browser_page", "value": "'chromium'"}], "start": 1754825440218, "stop": 1754825454390, "uuid": "70191737-60b4-4149-8e94-ba9dccfc5287", "historyId": "a9573d601e16177aabc9d0f106432f68", "testCaseId": "9ed83eea53be3617fec34c260248b4f9", "fullName": "tests.test_navbar.test_navbar.TestNavbar.TestNavbarRegression#test_lower_panel_cart_path", "labels": [{"name": "tag", "value": "cart"}, {"name": "tag", "value": "regression"}, {"name": "tag", "value": "regression"}, {"name": "tag", "value": "navbar"}, {"name": "parentSuite", "value": "tests.test_navbar"}, {"name": "suite", "value": "test_navbar"}, {"name": "subSuite", "value": "TestNavbar > TestNavbarRegression"}, {"name": "host", "value": "DESKTOP-413R136"}, {"name": "thread", "value": "28052-MainThread"}, {"name": "framework", "value": "pytest"}, {"name": "language", "value": "cpython3"}, {"name": "package", "value": "tests.test_navbar.test_navbar"}], "titlePath": ["tests", "test_navbar", "test_navbar.py", "TestNavbar", "TestNavbarRegression"]}