{"name": "Checking navbar panel on signup page", "status": "failed", "statusDetails": {"message": "AssertionError: Page URL expected to be 're.compile('.*/signup')'\nActual value: https://www.automationexercise.com/login \nCall log:\n  - Expect \"to_have_url\" with timeout 5000ms\n    9 × unexpected value \"https://www.automationexercise.com/login\"", "trace": "self = <tests.test_navbar.test_navbar.TestNavbar.TestNavbarRegression object at 0x000001772C3725D0>\nlogin_page = <pages.login_page.login_page.LoginPage object at 0x000001772C7E12B0>\n\n    @allure.title(\"Checking navbar panel on signup page\")\n    @pytest.mark.signup\n    def test_lower_panel_signup_path(self, login_page: LoginPage):\n        login_page.visit(urljoin(settings.app_url, \"login\"))\n        login_page.navbar.check_navbar_no_login()\n        login_page.subscription_copyright.check_subscription_copyright()\n>       login_page.signup.check_account_information()\n\ntests\\test_navbar\\test_navbar.py:48: \n_ _ _ _ _ _ _ _ _ _ _ _ _ _ _ _ _ _ _ _ _ _ _ _ _ _ _ _ _ _ _ _ _ _ _ _ _ _ _ _\ncomponents\\authentication\\signup.py:112: in check_account_information\n    self.check_url('signup')\ncomponents\\authentication\\signup.py:233: in check_url\n    self.check_current_url(re.compile(rf'.*/{text}'))\n_ _ _ _ _ _ _ _ _ _ _ _ _ _ _ _ _ _ _ _ _ _ _ _ _ _ _ _ _ _ _ _ _ _ _ _ _ _ _ _\n\nself = <components.authentication.signup.Signup object at 0x000001772C7E1400>\nexpected_url = re.compile('.*/signup')\n\n    def check_current_url(self, expected_url:Pattern[str]):\n>       expect(self.page).to_have_url(expected_url)\nE       AssertionError: Page URL expected to be 're.compile('.*/signup')'\nE       Actual value: https://www.automationexercise.com/login \nE       Call log:\nE         - Expect \"to_have_url\" with timeout 5000ms\nE           9 × unexpected value \"https://www.automationexercise.com/login\"\n\ncomponents\\base_component.py:11: AssertionError"}, "parameters": [{"name": "browser_page", "value": "'firefox'"}], "start": 1754824661913, "stop": 1754824669167, "uuid": "9227996c-c39d-41b7-a86c-6966245c2445", "historyId": "d03346770304ed9fb64bb9d91f36af4a", "testCaseId": "a04e5c52c1a0056ba1ef61e8483c7e44", "fullName": "tests.test_navbar.test_navbar.TestNavbar.TestNavbarRegression#test_lower_panel_signup_path", "labels": [{"name": "tag", "value": "signup"}, {"name": "tag", "value": "regression"}, {"name": "tag", "value": "navbar"}, {"name": "parentSuite", "value": "tests.test_navbar"}, {"name": "suite", "value": "test_navbar"}, {"name": "subSuite", "value": "TestNavbar > TestNavbarRegression"}, {"name": "host", "value": "DESKTOP-413R136"}, {"name": "thread", "value": "416-MainThread"}, {"name": "framework", "value": "pytest"}, {"name": "language", "value": "cpython3"}, {"name": "package", "value": "tests.test_navbar.test_navbar"}], "titlePath": ["tests", "test_navbar", "test_navbar.py", "TestNavbar", "TestNavbarRegression"]}